This file contains any messages produced by compilers while
running configure, to aid debugging if configure makes a mistake.

It was created by beecrypt configure 4.2.1, which was
generated by GNU Autoconf 2.63.  Invocation command line was

  $ ./configure 

## --------- ##
## Platform. ##
## --------- ##

hostname = Adils-MacBook-Air.local
uname -m = x86_64
uname -r = 12.2.0
uname -s = Darwin
uname -v = Darwin Kernel Version 12.2.0: Sat Aug 25 00:48:52 PDT 2012; root:xnu-2050.18.24~1/RELEASE_X86_64

/usr/bin/uname -p = i386
/bin/uname -X     = unknown

/bin/arch              = unknown
/usr/bin/arch -k       = unknown
/usr/convex/getsysinfo = unknown
/usr/bin/hostinfo      = Mach kernel version:
	 Darwin Kernel Version 12.2.0: Sat Aug 25 00:48:52 PDT 2012; root:xnu-2050.18.24~1/RELEASE_X86_64
Kernel configured for up to 4 processors.
2 processors are physically available.
4 processors are logically available.
Processor type: i486 (Intel 80486)
Processors active: 0 1 2 3
Primary memory available: 4.00 gigabytes
Default processor set: 152 tasks, 821 threads, 4 processors
Load average: 1.27, Mach factor: 2.72
/bin/machine           = unknown
/usr/bin/oslevel       = unknown
/bin/universe          = unknown

PATH: /usr/bin
PATH: /bin
PATH: /usr/sbin
PATH: /sbin
PATH: /usr/local/bin
PATH: /opt/X11/bin
PATH: /usr/local/git/bin


## ----------- ##
## Core tests. ##
## ----------- ##

configure:2162: checking build system type
configure:2180: result: i386-apple-darwin12.2.0
configure:2202: checking host system type
configure:2217: result: i386-apple-darwin12.2.0
configure:2239: checking target system type
configure:2254: result: i386-apple-darwin12.2.0
configure:2301: checking for a BSD-compatible install
configure:2369: result: /usr/bin/install -c
configure:2380: checking whether build environment is sane
configure:2440: result: yes
configure:2581: checking for a thread-safe mkdir -p
configure:2620: result: ./install-sh -c -d
configure:2633: checking for gawk
configure:2663: result: no
configure:2633: checking for mawk
configure:2663: result: no
configure:2633: checking for nawk
configure:2663: result: no
configure:2633: checking for awk
configure:2649: found /usr/bin/awk
configure:2660: result: awk
configure:2671: checking whether make sets $(MAKE)
configure:2697: result: no
configure:2781: checking for gawk
configure:2808: result: awk
configure:3173: checking for style of include used by make
configure:3201: result: none
configure:3271: checking for gcc
configure:3301: result: no
configure:3364: checking for cc
configure:3411: result: no
configure:3467: checking for cl.exe
configure:3497: result: no
configure:3521: error: in `/Users/adilsadik/Documents/aes_core/c/beecrypt-4.2.1':
configure:3524: error: no acceptable C compiler found in $PATH
See `config.log' for more details.

## ---------------- ##
## Cache variables. ##
## ---------------- ##

ac_cv_build=i386-apple-darwin12.2.0
ac_cv_env_CCASFLAGS_set=
ac_cv_env_CCASFLAGS_value=
ac_cv_env_CCAS_set=
ac_cv_env_CCAS_value=
ac_cv_env_CCC_set=
ac_cv_env_CCC_value=
ac_cv_env_CC_set=
ac_cv_env_CC_value=
ac_cv_env_CFLAGS_set=
ac_cv_env_CFLAGS_value=
ac_cv_env_CPPFLAGS_set=
ac_cv_env_CPPFLAGS_value=
ac_cv_env_CPP_set=
ac_cv_env_CPP_value=
ac_cv_env_CXXCPP_set=
ac_cv_env_CXXCPP_value=
ac_cv_env_CXXFLAGS_set=
ac_cv_env_CXXFLAGS_value=
ac_cv_env_CXX_set=
ac_cv_env_CXX_value=
ac_cv_env_LDFLAGS_set=
ac_cv_env_LDFLAGS_value=
ac_cv_env_LIBS_set=
ac_cv_env_LIBS_value=
ac_cv_env_build_alias_set=
ac_cv_env_build_alias_value=
ac_cv_env_host_alias_set=
ac_cv_env_host_alias_value=
ac_cv_env_target_alias_set=
ac_cv_env_target_alias_value=
ac_cv_host=i386-apple-darwin12.2.0
ac_cv_path_install='/usr/bin/install -c'
ac_cv_prog_AWK=awk
ac_cv_prog_make_make_set=no
ac_cv_target=i386-apple-darwin12.2.0
bc_cv_c_aggressive_opt=yes
bc_cv_cxx_aggressive_opt=yes

## ----------------- ##
## Output variables. ##
## ----------------- ##

ACLOCAL='${SHELL} /Users/adilsadik/Documents/aes_core/c/beecrypt-4.2.1/missing --run aclocal-1.11'
AMDEPBACKSLASH='\'
AMDEP_FALSE='#'
AMDEP_TRUE=''
AMTAR='${SHELL} /Users/adilsadik/Documents/aes_core/c/beecrypt-4.2.1/missing --run tar'
AR=''
ASM_ALIGN=''
ASM_ARCH=''
ASM_BIGENDIAN=''
ASM_CPU=''
ASM_GLOBL=''
ASM_GNU_STACK=''
ASM_GSYM_PREFIX=''
ASM_LSYM_PREFIX=''
ASM_OS=''
ASM_TEXTSEG=''
AUTOCONF='${SHELL} /Users/adilsadik/Documents/aes_core/c/beecrypt-4.2.1/missing --run autoconf'
AUTOHEADER='${SHELL} /Users/adilsadik/Documents/aes_core/c/beecrypt-4.2.1/missing --run autoheader'
AUTOMAKE='${SHELL} /Users/adilsadik/Documents/aes_core/c/beecrypt-4.2.1/missing --run automake-1.11'
AWK='awk'
CC=''
CCAS=''
CCASDEPMODE=''
CCASFLAGS=''
CCDEPMODE=''
CFLAGS=''
CPP=''
CPPFLAGS=''
CXX=''
CXXCPP=''
CXXDEPMODE=''
CXXFLAGS=''
CYGPATH_W='echo'
DEFS=''
DEPDIR='.deps'
DSYMUTIL=''
DUMPBIN=''
ECHO_C='\c'
ECHO_N=''
ECHO_T=''
EGREP=''
EXEEXT=''
FGREP=''
GREP=''
INCLUDE_DLFCN_H=''
INCLUDE_INTTYPES_H=''
INCLUDE_MALLOC_H=''
INCLUDE_PTHREAD_H=''
INCLUDE_SCHED_H=''
INCLUDE_SEMAPHORE_H=''
INCLUDE_STDINT_H=''
INCLUDE_STDIO_H=''
INCLUDE_STDLIB_H=''
INCLUDE_STRING_H=''
INCLUDE_SYNCH_H=''
INCLUDE_THREAD_H=''
INCLUDE_UNISTD_H=''
INSTALL_DATA='${INSTALL} -m 644'
INSTALL_PROGRAM='${INSTALL}'
INSTALL_SCRIPT='${INSTALL}'
INSTALL_STRIP_PROGRAM='$(install_sh) -c -s'
LD=''
LDFLAGS=''
LIBOBJS=''
LIBS=''
LIBTOOL=''
LIPO=''
LN_S=''
LTLIBOBJS=''
MAKEINFO='${SHELL} /Users/adilsadik/Documents/aes_core/c/beecrypt-4.2.1/missing --run makeinfo'
MKDIR_P='./install-sh -c -d'
MP_WBITS=''
NM=''
NMEDIT=''
OBJDUMP=''
OBJEXT=''
OPENMP_CFLAGS=''
OPENMP_CXXFLAGS=''
OPENMP_LIBS=''
OTOOL64=''
OTOOL=''
PACKAGE='beecrypt'
PACKAGE_BUGREPORT='bob.deblier@telenet.be'
PACKAGE_NAME='beecrypt'
PACKAGE_STRING='beecrypt 4.2.1'
PACKAGE_TARNAME='beecrypt'
PACKAGE_VERSION='4.2.1'
PATH_SEPARATOR=':'
PYTHON=''
PYTHONINC=''
PYTHONLIB=''
RANLIB=''
SED=''
SET_MAKE='MAKE=make'
SHELL='/bin/sh'
STRIP=''
TYPEDEF_BC_COND_T=''
TYPEDEF_BC_MUTEX_T=''
TYPEDEF_BC_THREADID_T=''
TYPEDEF_BC_THREAD_T=''
TYPEDEF_INT16_T=''
TYPEDEF_INT32_T=''
TYPEDEF_INT64_T=''
TYPEDEF_INT8_T=''
TYPEDEF_SIZE_T=''
TYPEDEF_UINT16_T=''
TYPEDEF_UINT32_T=''
TYPEDEF_UINT64_T=''
TYPEDEF_UINT8_T=''
VERSION='4.2.1'
WITH_CPLUSPLUS_FALSE=''
WITH_CPLUSPLUS_TRUE=''
WITH_JAVA_FALSE=''
WITH_JAVA_TRUE=''
WITH_PYTHON_FALSE=''
WITH_PYTHON_TRUE=''
ac_ct_CC=''
ac_ct_CXX=''
ac_ct_DUMPBIN=''
ac_cv_have_gcj=''
ac_cv_have_gcjh=''
ac_cv_have_java=''
ac_cv_have_javac=''
ac_cv_have_javah=''
am__EXEEXT_FALSE=''
am__EXEEXT_TRUE=''
am__fastdepCCAS_FALSE=''
am__fastdepCCAS_TRUE=''
am__fastdepCC_FALSE=''
am__fastdepCC_TRUE=''
am__fastdepCXX_FALSE=''
am__fastdepCXX_TRUE=''
am__include='#'
am__isrc=''
am__leading_dot='.'
am__quote=''
am__tar='${AMTAR} chof - "$$tardir"'
am__untar='${AMTAR} xf -'
bindir='${exec_prefix}/bin'
build='i386-apple-darwin12.2.0'
build_alias=''
build_cpu='i386'
build_os='darwin12.2.0'
build_vendor='apple'
datadir='${datarootdir}'
datarootdir='${prefix}/share'
docdir='${datarootdir}/doc/${PACKAGE_TARNAME}'
dvidir='${docdir}'
exec_prefix='NONE'
host='i386-apple-darwin12.2.0'
host_alias=''
host_cpu='i386'
host_os='darwin12.2.0'
host_vendor='apple'
htmldir='${docdir}'
includedir='${prefix}/include'
infodir='${datarootdir}/info'
install_sh='${SHELL} /Users/adilsadik/Documents/aes_core/c/beecrypt-4.2.1/install-sh'
javac=''
libdir='${exec_prefix}/lib'
libexecdir='${exec_prefix}/libexec'
localedir='${datarootdir}/locale'
localstatedir='${prefix}/var'
lt_ECHO='/bin/echo'
mandir='${datarootdir}/man'
mkdir_p='$(top_builddir)/./install-sh -c -d'
oldincludedir='/usr/include'
pdfdir='${docdir}'
prefix='NONE'
program_transform_name='s,x,x,'
psdir='${docdir}'
sbindir='${exec_prefix}/sbin'
sharedstatedir='${prefix}/com'
sysconfdir='${prefix}/etc'
target='i386-apple-darwin12.2.0'
target_alias=''
target_cpu='i386'
target_os='darwin12.2.0'
target_vendor='apple'

## ----------- ##
## confdefs.h. ##
## ----------- ##

#define PACKAGE_NAME "beecrypt"
#define PACKAGE_TARNAME "beecrypt"
#define PACKAGE_VERSION "4.2.1"
#define PACKAGE_STRING "beecrypt 4.2.1"
#define PACKAGE_BUGREPORT "bob.deblier@telenet.be"
#define PACKAGE "beecrypt"
#define VERSION "4.2.1"

configure: exit 1
